<?xml version="1.0" encoding="UTF-8"?>
<testng-results ignored="0" total="1" passed="1" failed="0" skipped="0">
  <reporter-output>
  </reporter-output>
  <suite started-at="2022-07-07T21:45:07 IST" name="Default suite" finished-at="2022-07-07T21:46:45 IST" duration-ms="97178">
    <groups>
    </groups>
    <test started-at="2022-07-07T21:45:07 IST" name="Default test" finished-at="2022-07-07T21:46:45 IST" duration-ms="97178">
      <class name="tests.OrderingProducts">
        <test-method is-config="true" signature="setup()[pri:0, instance:tests.OrderingProducts@26e356f0]" started-at="2022-07-07T21:45:07 IST" name="setup" finished-at="2022-07-07T21:45:25 IST" duration-ms="17382" status="PASS">
          <reporter-output>
          </reporter-output>
        </test-method> <!-- setup -->
        <test-method signature="Checkoutwithvaliddeliverydetails()[pri:1, instance:tests.OrderingProducts@26e356f0]" started-at="2022-07-07T21:45:25 IST" name="Checkoutwithvaliddeliverydetails" finished-at="2022-07-07T21:46:44 IST" duration-ms="79454" status="PASS">
          <reporter-output>
          </reporter-output>
        </test-method> <!-- Checkoutwithvaliddeliverydetails -->
        <test-method is-config="true" signature="tearDown()[pri:0, instance:tests.OrderingProducts@26e356f0]" started-at="2022-07-07T21:46:44 IST" name="tearDown" finished-at="2022-07-07T21:46:45 IST" duration-ms="296" status="PASS">
          <reporter-output>
          </reporter-output>
        </test-method> <!-- tearDown -->
      </class> <!-- tests.OrderingProducts -->
    </test> <!-- Default test -->
  </suite> <!-- Default suite -->
</testng-results>
