<?xml version="1.0" encoding="UTF-8"?>
<!-- Generated by org.testng.reporters.JUnitXMLReporter -->
<testsuite ignored="0" hostname="LIN24007749" failures="0" tests="3" name="RegisterTest" time="20.739" errors="0" timestamp="2022-07-07T21:26:17 IST">
  <testcase classname="tests.RegisterTest" name="registerWithMandatoryFields" time="2.115"/>
  <testcase classname="tests.RegisterTest" name="registerWithAllFields" time="2.195"/>
  <testcase classname="tests.RegisterTest" name="registerWithAlreadyRegisteredEmailAddress" time="2.082"/>
</testsuite> <!-- RegisterTest -->
