<?xml version="1.0" encoding="UTF-8"?>
<!-- Generated by org.testng.reporters.JUnitXMLReporter -->
<testsuite ignored="0" hostname="LIN24007749" failures="0" tests="3" name="SearchTest" time="14.275" errors="0" timestamp="2022-07-07T21:26:48 IST">
  <testcase classname="tests.SearchTest" name="searchWithValidProduct" time="0.568"/>
  <testcase classname="tests.SearchTest" name="searchWithInValidProduct" time="0.535"/>
  <testcase classname="tests.SearchTest" name="searchWithoutAnyProduct" time="0.467"/>
</testsuite> <!-- SearchTest -->
