<?xml version="1.0" encoding="UTF-8"?>
<!-- Generated by org.testng.reporters.JUnitXMLReporter -->
<testsuite ignored="0" hostname="LIN24007749" failures="0" tests="3" name="ShoppingcartTest" time="19.414" errors="0" timestamp="2022-07-07T21:27:23 IST">
  <testcase classname="tests.ShoppingcartTest" name="AsacustomerIwanttonavigatetoShoppingcartpage" time="0.384"/>
  <testcase classname="tests.ShoppingcartTest" name="AsacustomerIwanttoAddtheproducttoShoppingcart" time="0.791"/>
  <testcase classname="tests.ShoppingcartTest" name="AsacustomerIwanttoAddtheproductFromWishListtoShoppingCart" time="6.5"/>
</testsuite> <!-- ShoppingcartTest -->
